<?xml version="1.0" encoding="UTF-8"?>
<testng-results skipped="0" failed="0" total="1" passed="1">
  <reporter-output>
  </reporter-output>
  <suite name="Default suite" duration-ms="52680" started-at="2017-07-23T10:32:14Z" finished-at="2017-07-23T10:33:07Z">
    <groups>
      <group name="regression">
        <method signature="Scenario_Search.testValidSearch(java.util.Map)[pri:0, instance:Scenario_Component.Scenario_Search@cc285f4]" name="testValidSearch" class="Scenario_Component.Scenario_Search"/>
      </group> <!-- regression -->
      <group name="smoke">
        <method signature="Scenario_Search.testInvalidSearchdata(java.util.Map)[pri:0, instance:Scenario_Component.Scenario_Search@cc285f4]" name="testInvalidSearchdata" class="Scenario_Component.Scenario_Search"/>
      </group> <!-- smoke -->
    </groups>
    <test name="Default test" duration-ms="52680" started-at="2017-07-23T10:32:14Z" finished-at="2017-07-23T10:33:07Z">
      <class name="Scenario_Component.Scenario_Search">
        <test-method status="PASS" signature="testInvalidSearchdata(java.util.Map)[pri:0, instance:Scenario_Component.Scenario_Search@cc285f4]" name="testInvalidSearchdata" duration-ms="52425" started-at="2017-07-23T16:02:15Z" data-provider="dp_InvalidSearch" finished-at="2017-07-23T16:03:07Z">
          <params>
            <param index="0">
              <value>
                <![CDATA[{Execute_Flag=Y, TC_ID=GB_01, Script_name=InvalidSearch, Search_Item=###, Exp_Result=Sorry! There are no products to display., Order_Set=1.0}]]>
              </value>
            </param>
          </params>
          <reporter-output>
          </reporter-output>
        </test-method> <!-- testInvalidSearchdata -->
      </class> <!-- Scenario_Component.Scenario_Search -->
    </test> <!-- Default test -->
  </suite> <!-- Default suite -->
</testng-results>
